<?xml version="1.0" encoding="utf-8" ?> 
<application xmlns="http://ns.adobe.com/air/application/3.0"> 
	
	<id>CNPCEditorTest</id> 
	<versionNumber>1.0</versionNumber> 
	<filename>CNPCEditorTest</filename> 
	
	<name>CNPCEditorTest</name> 
	<description></description> 
	<copyright></copyright> 
	
	<initialWindow> 
		<title>CNPCEditorTest</title> 
		<content>CNPCEditorTest.swf</content> 
		<systemChrome>standard</systemChrome> 
		<transparent>false</transparent> 
		<visible>true</visible> 
		<minimizable>true</minimizable> 
		<maximizable>true</maximizable> 
		<resizable>true</resizable> 
	</initialWindow> 
	
	<!-- 
	More options:
	http://livedocs.adobe.com/flex/3/html/File_formats_1.html#1043413
	-->
</application>